2025-05-26T06:35:58.273Z - ID: Anonymous - Route: /places/list-properties?lat=36.778259&long=-119.417931&radius=5&page=1&pageSize=20 - Method: GET - Query: {"lat":"36.778259","long":"-119.417931","radius":"5","page":"1","pageSize":"20"} - Body: undefined
2025-05-26T06:36:01.500Z - ID: Anonymous - Route: /places/list-properties?lat=36.778259&long=-119.417931&radius=5&page=1&pageSize=20 - Method: GET - Query: {"lat":"36.778259","long":"-119.417931","radius":"5","page":"1","pageSize":"20"} - Body: undefined
2025-05-26T06:36:03.581Z - ID: Anonymous - Route: /places/list-properties?lat=36.77822069914463&long=-119.4191755449829&radius=5&page=1&pageSize=20 - Method: GET - Query: {"lat":"36.77822069914463","long":"-119.4191755449829","radius":"5","page":"1","pageSize":"20"} - Body: undefined
2025-05-26T06:41:13.294Z - ID: Anonymous - Route: /user/login - Method: POST - Query: {} - Body: {}
2025-05-26T06:41:25.799Z - ID: Anonymous - Route: /user/login - Method: POST - Query: {} - Body: {"email":"divyanshanand0908@gmail.com","password":"Hardik@0908"}
2025-05-26T06:42:47.720Z - ID: Anonymous - Route: /user/login - Method: POST - Query: {} - Body: {"email":"divyanshanand0908@gmail.com","password":"Hardik@0908"}
2025-05-26T06:43:35.444Z - ID: Anonymous - Route: /user/login - Method: POST - Query: {} - Body: {"email":"divyanshanand0908@gmail.com","password":"Hardik@0908"}
2025-05-26T06:46:18.741Z - ID: Anonymous - Route: /places/list-properties?lat=36.77822069914463&long=-119.4191755449829&radius=5&page=1&pageSize=20 - Method: GET - Query: {"lat":"36.77822069914463","long":"-119.4191755449829","radius":"5","page":"1","pageSize":"20"} - Body: undefined
2025-05-26T06:55:18.403Z - ID: Anonymous - Route: /companies/682efb734f58e57864d0de0e/employees/invite - Method: POST - Query: {} - Body: {"email":"divyanshanand33@gmail.com","role":"EMPLOYEE","firstName":"Divyansh","lastName":"Anand","user":{"id":"682efb734f58e57864d0de0c"}}
2025-05-26T06:55:38.677Z - ID: Anonymous - Route: /user/verify-otp - Method: POST - Query: {} - Body: {"otpId":"29565004-f765-4bf0-bbf9-5a1274e8721c","otp":"292726","email":"divyanshanand0908@gmail.com"}
2025-05-26T06:55:38.679Z - ID: Anonymous - Route: /user/verify-otp - Method: POST - Query: {} - Body: {"otpId":"29565004-f765-4bf0-bbf9-5a1274e8721c","otp":"292726","email":"divyanshanand0908@gmail.com"}
2025-05-26T06:55:50.800Z - ID: Anonymous - Route: /companies/682efb734f58e57864d0de0e/employees/invite - Method: POST - Query: {} - Body: {"email":"divyanshanand33@gmail.com","role":"EMPLOYEE","firstName":"Divyansh","lastName":"Anand","user":{"id":"682efb734f58e57864d0de0c"}}
2025-05-26T06:56:08.484Z - ID: Anonymous - Route: /user/login - Method: POST - Query: {} - Body: {"email":"div.gyan09@gmail.com","password":"Hardik@0908"}
2025-05-26T06:56:08.486Z - ID: Anonymous - Route: /user/login - Method: POST - Query: {} - Body: {"email":"div.gyan09@gmail.com","password":"Hardik@0908"}
2025-05-26T06:57:29.537Z - ID: Anonymous - Route: /user/verify-otp - Method: POST - Query: {} - Body: {"otpId":"7f7b9d06-9e0b-4a88-a2b0-ea3ab12a0250","otp":"507070","email":"div.gyan09@gmail.com"}
2025-05-26T06:57:29.541Z - ID: Anonymous - Route: /user/verify-otp - Method: POST - Query: {} - Body: {"otpId":"7f7b9d06-9e0b-4a88-a2b0-ea3ab12a0250","otp":"507070","email":"div.gyan09@gmail.com"}
2025-05-26T06:57:42.859Z - ID: Anonymous - Route: /companies/682efb734f58e57864d0de0e/employees/invite - Method: POST - Query: {} - Body: {"email":"divyanshanand33@gmail.com","role":"EMPLOYEE","firstName":"Divyansh","lastName":"Anand","user":{"id":"682efb734f58e57864d0de0c"}}
2025-05-26T06:57:58.162Z - ID: Anonymous - Route: /companies/682efb734f58e57864d0de0e/employees/invite - Method: POST - Query: {} - Body: {"email":"divyanshanand33@gmail.com","role":"EMPLOYEE","firstName":"Divyansh","lastName":"Anand","user":{"id":"682efb734f58e57864d0de0c"}}
2025-05-26T06:57:58.164Z - ID: 682efb734f58e57864d0de0c - Route: /companies/682efb734f58e57864d0de0e/employees/invite - Method: POST - Query: {} - Body: {"email":"divyanshanand33@gmail.com","role":"EMPLOYEE","firstName":"Divyansh","lastName":"Anand","user":{"id":"682efb734f58e57864d0de0c"}}
2025-05-26T06:59:34.787Z - ID: Anonymous - Route: /companies/682efb734f58e57864d0de0e/employees/invite - Method: POST - Query: {} - Body: {"email":"divyanshanand33@gmail.com","role":"EMPLOYEE","firstName":"Divyansh","lastName":"Anand","user":{"id":"682efb734f58e57864d0de0c"}}
2025-05-26T06:59:34.792Z - ID: 682efb734f58e57864d0de0c - Route: /companies/682efb734f58e57864d0de0e/employees/invite - Method: POST - Query: {} - Body: {"email":"divyanshanand33@gmail.com","role":"EMPLOYEE","firstName":"Divyansh","lastName":"Anand","user":{"id":"682efb734f58e57864d0de0c"}}
2025-05-26T07:01:23.022Z - ID: Anonymous - Route: /companies/682efb734f58e57864d0de0e/employees/invite - Method: POST - Query: {} - Body: {"email":"adityssh.in@gmail.com","role":"EMPLOYEE","firstName":"Divyansh","lastName":"Anand","user":{"id":"682efb734f58e57864d0de0c"}}
2025-05-26T07:01:23.031Z - ID: 682efb734f58e57864d0de0c - Route: /companies/682efb734f58e57864d0de0e/employees/invite - Method: POST - Query: {} - Body: {"email":"adityssh.in@gmail.com","role":"EMPLOYEE","firstName":"Divyansh","lastName":"Anand","user":{"id":"682efb734f58e57864d0de0c"}}
2025-05-26T07:05:48.381Z - ID: Anonymous - Route: /companies/682efb734f58e57864d0de0e/employees/invite - Method: POST - Query: {} - Body: {"email":"adityssh.in@gmail.com","role":"EMPLOYEE","firstName":"Divyansh","lastName":"Anand","user":{"id":"682efb734f58e57864d0de0c"}}
2025-05-26T07:05:48.403Z - ID: 682efb734f58e57864d0de0c - Route: /companies/682efb734f58e57864d0de0e/employees/invite - Method: POST - Query: {} - Body: {"email":"adityssh.in@gmail.com","role":"EMPLOYEE","firstName":"Divyansh","lastName":"Anand","user":{"id":"682efb734f58e57864d0de0c"}}
2025-05-26T07:06:46.837Z - ID: 682efb734f58e57864d0de0c - Route: /companies/682efb734f58e57864d0de0e/employees/invite - Method: POST - Query: {} - Body: {"email":"adityssh.in@gmail.com","role":"EMPLOYEE","firstName":"Divyansh","lastName":"Anand","user":{"id":"682efb734f58e57864d0de0c"}}
2025-05-26T07:17:37.956Z - ID: 682efb734f58e57864d0de0c - Route: /companies/682efb734f58e57864d0de0e/employees/682efb734f58e57864d0de0e/activities - Method: GET - Query: {} - Body: undefined
2025-05-26T07:18:09.632Z - ID: 682efb734f58e57864d0de0c - Route: /companies/682efb734f58e57864d0de0e/employees/682efb734f58e57864d0de0c/activities - Method: GET - Query: {} - Body: undefined
2025-05-26T07:19:25.848Z - ID: 682efb734f58e57864d0de0c - Route: /companies/682efb734f58e57864d0de0e/employees/682efb734f58e57864d0de0c/activities - Method: GET - Query: {} - Body: undefined
2025-05-26T07:19:43.215Z - ID: 682efb734f58e57864d0de0c - Route: /companies/682efb734f58e57864d0de0e/employees/682efb734f58e57864d0de0c/activities - Method: GET - Query: {} - Body: undefined
2025-05-26T07:20:21.735Z - ID: 682efb734f58e57864d0de0c - Route: /companies/682efb734f58e57864d0de0e/employees/682efb734f58e57864d0de0c/activities - Method: GET - Query: {} - Body: undefined
2025-05-26T07:22:48.580Z - ID: 682efb734f58e57864d0de0c - Route: /companies/:companyId/employees/682efb734f58e57864d0de0c - Method: DELETE - Query: {} - Body: undefined
2025-05-26T07:22:59.937Z - ID: 682efb734f58e57864d0de0c - Route: /companies/:companyId/employees/682efb734f58e57864d0de0c - Method: DELETE - Query: {} - Body: undefined
2025-05-26T07:25:04.716Z - ID: 682efb734f58e57864d0de0c - Route: /companies/:companyId/employees/682efb734f58e57864d0de0c - Method: DELETE - Query: {} - Body: undefined
2025-05-26T07:25:30.541Z - ID: 682efb734f58e57864d0de0c - Route: /companies/:companyId/employees/682efb734f58e57864d0de0c - Method: DELETE - Query: {} - Body: undefined
2025-05-26T07:25:52.995Z - ID: 682efb734f58e57864d0de0c - Route: /companies/682efb734f58e57864d0de0e/employees/682efb734f58e57864d0de0c - Method: DELETE - Query: {} - Body: undefined
2025-05-26T07:30:07.823Z - ID: Anonymous - Route: /user/verify-otp - Method: POST - Query: {} - Body: {"otpId":"7f7b9d06-9e0b-4a88-a2b0-ea3ab12a0250","otp":"507070","email":"div.gyan09@gmail.com"}
2025-05-26T07:32:03.278Z - ID: Anonymous - Route: /identity/send-otp - Method: POST - Query: {} - Body: {"firstName":"Divyansh","email":"div.gyan09@gmail.com"}
2025-05-26T07:32:39.423Z - ID: Anonymous - Route: /companies/register - Method: POST - Query: {} - Body: {"name":"WealthApp","industry":"IT","email":"div.gyan09@gmail.com","otp":"540540","password":"Aditishinde1804^@","contactPhone":"8080607564","logo":"https://dummyimage.com/300","address":{"street":"13west","city":"Mumbai","state":"Maharashtra","country":"India","zipCode":"342837"},"otpId":"62f0de7a-8259-44df-8238-faac40b1d613"}
2025-05-26T07:33:21.324Z - ID: Anonymous - Route: /user/login - Method: POST - Query: {} - Body: {"email":"div.gyan09@gmail.com","password":"Aditishinde1804^@"}
2025-05-26T08:59:58.215Z - ID: 68342af434f8c3f9ac0d7d78 - Route: /companies/68342af434f8c3f9ac0d7d7a/employees - Method: GET - Query: {} - Body: undefined
2025-05-26T09:00:02.183Z - ID: 68342af434f8c3f9ac0d7d78 - Route: /companies/68342af434f8c3f9ac0d7d7a/employees - Method: GET - Query: {} - Body: undefined
2025-05-26T09:00:20.536Z - ID: 68342af434f8c3f9ac0d7d78 - Route: /companies/68342af434f8c3f9ac0d7d7a/employees - Method: GET - Query: {} - Body: undefined
2025-05-26T09:00:24.190Z - ID: 68342af434f8c3f9ac0d7d78 - Route: /companies/68342af434f8c3f9ac0d7d7a/employees - Method: GET - Query: {} - Body: undefined
2025-05-26T09:02:48.761Z - ID: 68342af434f8c3f9ac0d7d78 - Route: /companies/68342af434f8c3f9ac0d7d7a/employees - Method: GET - Query: {} - Body: undefined
2025-05-26T09:03:29.436Z - ID: 68342af434f8c3f9ac0d7d78 - Route: /companies/68342af434f8c3f9ac0d7d7a/employees - Method: GET - Query: {} - Body: undefined
2025-05-26T09:03:58.689Z - ID: 68342af434f8c3f9ac0d7d78 - Route: /companies/68342af434f8c3f9ac0d7d7a/employees - Method: GET - Query: {} - Body: undefined
2025-05-26T09:07:19.203Z - ID: 68342af434f8c3f9ac0d7d78 - Route: /companies/68342af434f8c3f9ac0d7d7a/employees - Method: GET - Query: {} - Body: undefined
2025-05-26T09:07:22.057Z - ID: 68342af434f8c3f9ac0d7d78 - Route: /companies/68342af434f8c3f9ac0d7d7a/employees - Method: GET - Query: {} - Body: undefined
2025-05-26T09:08:48.949Z - ID: 68342af434f8c3f9ac0d7d78 - Route: /companies/68342af434f8c3f9ac0d7d7a/employees - Method: GET - Query: {} - Body: undefined
2025-05-26T09:09:06.689Z - ID: 68342af434f8c3f9ac0d7d78 - Route: /companies/68342af434f8c3f9ac0d7d7a/employees - Method: GET - Query: {} - Body: undefined
2025-05-26T09:09:39.199Z - ID: 68342af434f8c3f9ac0d7d78 - Route: /companies/68342af434f8c3f9ac0d7d7a/employees - Method: GET - Query: {} - Body: undefined
2025-05-26T09:09:41.017Z - ID: 68342af434f8c3f9ac0d7d78 - Route: /companies/68342af434f8c3f9ac0d7d7a/employees - Method: GET - Query: {} - Body: undefined
2025-05-26T09:11:22.065Z - ID: 68342af434f8c3f9ac0d7d78 - Route: /companies/68342af434f8c3f9ac0d7d7a/employees - Method: GET - Query: {} - Body: undefined
2025-05-26T09:15:29.860Z - ID: 68342af434f8c3f9ac0d7d78 - Route: /companies/68342af434f8c3f9ac0d7d7a/employees - Method: GET - Query: {} - Body: undefined
2025-05-26T09:28:22.483Z - ID: Anonymous - Route: /user/login - Method: POST - Query: {} - Body: {"email":"div.gyan09@gmail.com","password":"Hardik@0908"}
2025-05-26T09:28:38.080Z - ID: Anonymous - Route: /identity/send-otp - Method: POST - Query: {} - Body: {"firstName":"John","email":"div.gyan09@gmail.com"}
2025-05-26T09:29:05.603Z - ID: Anonymous - Route: /user/verify-otp - Method: POST - Query: {} - Body: {"otpId":"242a38dd-b6f0-486e-b946-6b2726a8039c","otp":"881811","email":"div.gyan09@gmail.com"}
2025-05-26T09:31:56.686Z - ID: 68341918b0b83ae6b4026dce - Route: /companies/682efb734f58e57864d0de0e/employees/invite - Method: POST - Query: {} - Body: {"email":"divyanshanand0908@gmail.com","role":"EMPLOYEE","firstName":"Divyansh","lastName":"Anand","user":{"id":"682efb734f58e57864d0de0c"}}
2025-05-26T09:33:28.290Z - ID: 68341918b0b83ae6b4026dce - Route: /companies/682efb734f58e57864d0de0e/employees/682efb734f58e57864d0de0c/activities - Method: GET - Query: {} - Body: undefined
